<?xml version="1.0" encoding="UTF-8"?>
<testsuite name="com.userregistration.UserRegisrationTest" tests="1" skipped="0" failures="0" errors="0" timestamp="2019-11-22T23:21:55" hostname="admin141-desktop" time="0.002">
  <properties/>
  <testcase name="givenMessageShowTrueWhenFirstNameWithCapitalLetter" classname="com.userregistration.UserRegisrationTest" time="0.002"/>
  <system-out><![CDATA[]]></system-out>
  <system-err><![CDATA[]]></system-err>
</testsuite>
