<?xml version="1.0" encoding="UTF-8"?>
<testsuite name="com.userregistration.UserRegistrationTest" tests="1" skipped="0" failures="0" errors="0" timestamp="2019-11-23T14:34:47" hostname="admin141-desktop" time="0.0">
  <properties/>
  <testcase name="givenMessageShowFalseWhenMobNoIsNOtValidWithGreaterThan10Digits" classname="com.userregistration.UserRegistrationTest" time="0.0"/>
  <system-out><![CDATA[]]></system-out>
  <system-err><![CDATA[]]></system-err>
</testsuite>
