<?xml version="1.0" encoding="UTF-8"?>
<testsuite name="com.userregistration.userPasswordTest" tests="14" skipped="0" failures="0" errors="0" timestamp="2019-11-23T15:14:35" hostname="admin141-desktop" time="0.004">
  <properties/>
  <testcase name="Test[0]" classname="com.userregistration.userPasswordTest" time="0.001"/>
  <testcase name="Test[1]" classname="com.userregistration.userPasswordTest" time="0.0"/>
  <testcase name="Test[2]" classname="com.userregistration.userPasswordTest" time="0.0"/>
  <testcase name="Test[3]" classname="com.userregistration.userPasswordTest" time="0.0"/>
  <testcase name="Test[4]" classname="com.userregistration.userPasswordTest" time="0.0"/>
  <testcase name="Test[5]" classname="com.userregistration.userPasswordTest" time="0.0"/>
  <testcase name="Test[6]" classname="com.userregistration.userPasswordTest" time="0.0"/>
  <testcase name="Test[7]" classname="com.userregistration.userPasswordTest" time="0.0"/>
  <testcase name="Test[8]" classname="com.userregistration.userPasswordTest" time="0.0"/>
  <testcase name="Test[9]" classname="com.userregistration.userPasswordTest" time="0.0"/>
  <testcase name="Test[10]" classname="com.userregistration.userPasswordTest" time="0.0"/>
  <testcase name="Test[11]" classname="com.userregistration.userPasswordTest" time="0.0"/>
  <testcase name="Test[12]" classname="com.userregistration.userPasswordTest" time="0.0"/>
  <testcase name="Test[13]" classname="com.userregistration.userPasswordTest" time="0.0"/>
  <system-out><![CDATA[]]></system-out>
  <system-err><![CDATA[]]></system-err>
</testsuite>
